<?xml version="1.0" encoding="utf-8"?>
<ImportLog>
	<RowImport>
		<Status>Ok</Status>
		<Type>00000000-0000-0000-0000-000000000008</Type>
		<TypeName>Folder</TypeName>
		<Name>GXtest.Results</Name>
		<Errors />
		<Warnings />
		<Info />
	</RowImport>
	<RowImport>
		<Status>Ok</Status>
		<Type>00000000-0000-0000-0000-000000000008</Type>
		<TypeName>Folder</TypeName>
		<Name>GXtest.ExecData</Name>
		<Errors />
		<Warnings />
		<Info />
	</RowImport>
	<RowImport>
		<Status>Ok</Status>
		<Type>00000000-0000-0000-0000-000000000008</Type>
		<TypeName>Folder</TypeName>
		<Name>GXtest.Assertions</Name>
		<Errors />
		<Warnings />
		<Info />
	</RowImport>
	<RowImport>
		<Status>Ok</Status>
		<Type>00000000-0000-0000-0000-000000000008</Type>
		<TypeName>Folder</TypeName>
		<Name>GXtest.CSV</Name>
		<Errors />
		<Warnings />
		<Info />
	</RowImport>
	<RowImport>
		<Status>Ok</Status>
		<Type>00972a17-9975-449e-aab1-d26165d51393</Type>
		<TypeName>Domain</TypeName>
		<Name>GXtest.Keys</Name>
		<Errors />
		<Warnings />
		<Info />
	</RowImport>
	<RowImport>
		<Status>Ok</Status>
		<Type>00972a17-9975-449e-aab1-d26165d51393</Type>
		<TypeName>Domain</TypeName>
		<Name>GXtest.Browsers</Name>
		<Errors />
		<Warnings />
		<Info />
	</RowImport>
	<RowImport>
		<Status>Ok</Status>
		<Type>00972a17-9975-449e-aab1-d26165d51393</Type>
		<TypeName>Domain</TypeName>
		<Name>GXtest.Result</Name>
		<Errors />
		<Warnings />
		<Info />
	</RowImport>
	<RowImport>
		<Status>Ok</Status>
		<Type>00972a17-9975-449e-aab1-d26165d51393</Type>
		<TypeName>Domain</TypeName>
		<Name>GXtest.TestType</Name>
		<Errors />
		<Warnings />
		<Info />
	</RowImport>
	<RowImport>
		<Status>Ok</Status>
		<Type>447527b5-9210-4523-898b-5dccb17be60a</Type>
		<TypeName>SDT</TypeName>
		<Name>GXtest.TestResult</Name>
		<Errors />
		<Warnings />
		<Info />
	</RowImport>
	<RowImport>
		<Status>Ok</Status>
		<Type>447527b5-9210-4523-898b-5dccb17be60a</Type>
		<TypeName>SDT</TypeName>
		<Name>GXtest.StepResult</Name>
		<Errors />
		<Warnings />
		<Info />
	</RowImport>
	<RowImport>
		<Status>Ok</Status>
		<Type>447527b5-9210-4523-898b-5dccb17be60a</Type>
		<TypeName>SDT</TypeName>
		<Name>GXtest.SuiteResult</Name>
		<Errors />
		<Warnings />
		<Info />
	</RowImport>
	<RowImport>
		<Status>Ok</Status>
		<Type>447527b5-9210-4523-898b-5dccb17be60a</Type>
		<TypeName>SDT</TypeName>
		<Name>GXtest.ExecutionResult</Name>
		<Errors />
		<Warnings />
		<Info />
	</RowImport>
	<RowImport>
		<Status>Ok</Status>
		<Type>447527b5-9210-4523-898b-5dccb17be60a</Type>
		<TypeName>SDT</TypeName>
		<Name>GXtest.ExecutionData</Name>
		<Errors />
		<Warnings />
		<Info />
	</RowImport>
	<RowImport>
		<Status>Ok</Status>
		<Type>447527b5-9210-4523-898b-5dccb17be60a</Type>
		<TypeName>SDT</TypeName>
		<Name>GXtest.WebSettings</Name>
		<Errors />
		<Warnings />
		<Info />
	</RowImport>
	<RowImport>
		<Status>Ok</Status>
		<Type>447527b5-9210-4523-898b-5dccb17be60a</Type>
		<TypeName>SDT</TypeName>
		<Name>GXtest.Suite</Name>
		<Errors />
		<Warnings />
		<Info />
	</RowImport>
	<RowImport>
		<Status>Ok</Status>
		<Type>447527b5-9210-4523-898b-5dccb17be60a</Type>
		<TypeName>SDT</TypeName>
		<Name>GXtest.Test</Name>
		<Errors />
		<Warnings />
		<Info />
	</RowImport>
	<RowImport>
		<Status>Ok</Status>
		<Type>447527b5-9210-4523-898b-5dccb17be60a</Type>
		<TypeName>SDT</TypeName>
		<Name>GXtest.RestSettings</Name>
		<Errors />
		<Warnings />
		<Info />
	</RowImport>
	<RowImport>
		<Status>Ok</Status>
		<Type>447527b5-9210-4523-898b-5dccb17be60a</Type>
		<TypeName>SDT</TypeName>
		<Name>GXtest.DataPool</Name>
		<Errors />
		<Warnings />
		<Info />
	</RowImport>
	<RowImport>
		<Status>Ok</Status>
		<Type>447527b5-9210-4523-898b-5dccb17be60a</Type>
		<TypeName>SDT</TypeName>
		<Name>GXtest.DataPoolRow</Name>
		<Errors />
		<Warnings />
		<Info />
	</RowImport>
	<RowImport>
		<Status>Ok</Status>
		<Type>c163e562-42c6-4158-ad83-5b21a14cf30e</Type>
		<TypeName>ExternalObject</TypeName>
		<Name>GXtest.Webdriver</Name>
		<Errors />
		<Warnings />
		<Info />
	</RowImport>
	<RowImport>
		<Status>Ok</Status>
		<Type>c163e562-42c6-4158-ad83-5b21a14cf30e</Type>
		<TypeName>ExternalObject</TypeName>
		<Name>GXtest.MockManager</Name>
		<Errors />
		<Warnings />
		<Info />
	</RowImport>
	<RowImport>
		<Status>Ok</Status>
		<Type>84a12160-f59b-4ad7-a683-ea4481ac23e9</Type>
		<TypeName>Procedure</TypeName>
		<Name>GXtest.AssertNumericEquals</Name>
		<Errors />
		<Warnings />
		<Info />
	</RowImport>
	<RowImport>
		<Status>Ok</Status>
		<Type>84a12160-f59b-4ad7-a683-ea4481ac23e9</Type>
		<TypeName>Procedure</TypeName>
		<Name>GXtest.AssertStringEquals</Name>
		<Errors />
		<Warnings />
		<Info />
	</RowImport>
	<RowImport>
		<Status>Ok</Status>
		<Type>84a12160-f59b-4ad7-a683-ea4481ac23e9</Type>
		<TypeName>Procedure</TypeName>
		<Name>GXtest.AssertBoolEquals</Name>
		<Errors />
		<Warnings />
		<Info />
	</RowImport>
	<RowImport>
		<Status>Ok</Status>
		<Type>84a12160-f59b-4ad7-a683-ea4481ac23e9</Type>
		<TypeName>Procedure</TypeName>
		<Name>GXtest.AssertTrue</Name>
		<Errors />
		<Warnings />
		<Info />
	</RowImport>
	<RowImport>
		<Status>Ok</Status>
		<Type>84a12160-f59b-4ad7-a683-ea4481ac23e9</Type>
		<TypeName>Procedure</TypeName>
		<Name>GXtest.ReadCSV</Name>
		<Errors />
		<Warnings />
		<Info />
	</RowImport>
	<RowImport>
		<Status>Ok</Status>
		<Type>84a12160-f59b-4ad7-a683-ea4481ac23e9</Type>
		<TypeName>Procedure</TypeName>
		<Name>GXtest.GetValueFromRow</Name>
		<Errors />
		<Warnings />
		<Info />
	</RowImport>
	<RowImport>
		<Status>Ok</Status>
		<Type>84a12160-f59b-4ad7-a683-ea4481ac23e9</Type>
		<TypeName>Procedure</TypeName>
		<Name>GXtest.GetIntegerValueFromRow</Name>
		<Errors />
		<Warnings />
		<Info />
	</RowImport>
	<RowImport>
		<Status>Ok</Status>
		<Type>84a12160-f59b-4ad7-a683-ea4481ac23e9</Type>
		<TypeName>Procedure</TypeName>
		<Name>GXtest.GetBooleanValueFromRow</Name>
		<Errors />
		<Warnings />
		<Info />
	</RowImport>
	<RowImport>
		<Status>Ok</Status>
		<Type>84a12160-f59b-4ad7-a683-ea4481ac23e9</Type>
		<TypeName>Procedure</TypeName>
		<Name>GXtest.GetDateTimeValueFromRow</Name>
		<Errors />
		<Warnings />
		<Info />
	</RowImport>
	<RowImport>
		<Status>Ok</Status>
		<Type>84a12160-f59b-4ad7-a683-ea4481ac23e9</Type>
		<TypeName>Procedure</TypeName>
		<Name>GXtest.GetDecimalValueFromRow</Name>
		<Errors />
		<Warnings />
		<Info />
	</RowImport>
	<RowImport>
		<Status>Ok</Status>
		<Type>84a12160-f59b-4ad7-a683-ea4481ac23e9</Type>
		<TypeName>Procedure</TypeName>
		<Name>GXtest.GetDateValueFromRow</Name>
		<Errors />
		<Warnings />
		<Info />
	</RowImport>
	<RowImport>
		<Status>Ok</Status>
		<Type>c88fffcd-b6f8-0000-8fec-00b5497e2117</Type>
		<TypeName>Module</TypeName>
		<Name>GXtest</Name>
		<Errors />
		<Warnings />
		<Info />
	</RowImport>
</ImportLog>